<?xml version="1.0" encoding="UTF-8"?>
<testng-results ignored="0" total="4" passed="4" failed="0" skipped="0">
  <reporter-output>
  </reporter-output>
  <suite started-at="2024-08-13T17:52:44 IST" name="Suite" finished-at="2024-08-13T17:53:16 IST" duration-ms="32441">
    <groups>
      <group name="cucumber">
        <method signature="AbstractTestNGCucumberTests.runScenario(io.cucumber.testng.PickleWrapper,io.cucumber.testng.FeatureWrapper)[pri:0, instance:TestRunner.Run@fd07cbb]" name="runScenario" class="io.cucumber.testng.AbstractTestNGCucumberTests"/>
      </group> <!-- cucumber -->
    </groups>
    <test started-at="2024-08-13T17:52:44 IST" name="Test" finished-at="2024-08-13T17:53:16 IST" duration-ms="32441">
      <class name="TestRunner.Run">
        <test-method is-config="true" signature="setUpClass(org.testng.ITestContext)[pri:0, instance:TestRunner.Run@fd07cbb]" started-at="2024-08-13T17:52:44 IST" name="setUpClass" finished-at="2024-08-13T17:52:45 IST" duration-ms="577" status="PASS">
          <params>
            <param index="0">
              <value>
                <![CDATA[org.testng.TestRunner@255d9277]]>
              </value>
            </param>
          </params>
          <reporter-output>
          </reporter-output>
        </test-method> <!-- setUpClass -->
        <test-method signature="runScenario(io.cucumber.testng.PickleWrapper,io.cucumber.testng.FeatureWrapper)[pri:0, instance:TestRunner.Run@fd07cbb]" started-at="2024-08-13T17:52:45 IST" name="runScenario" description="Runs Cucumber Scenarios" data-provider="scenarios" finished-at="2024-08-13T17:52:53 IST" duration-ms="8236" status="PASS">
          <params>
            <param index="0">
              <value>
                <![CDATA["Scessfully Log in With valid credential"]]>
              </value>
            </param>
            <param index="1">
              <value>
                <![CDATA["Login"]]>
              </value>
            </param>
          </params>
          <reporter-output>
          </reporter-output>
        </test-method> <!-- runScenario -->
        <test-method signature="runScenario(io.cucumber.testng.PickleWrapper,io.cucumber.testng.FeatureWrapper)[pri:0, instance:TestRunner.Run@fd07cbb]" started-at="2024-08-13T17:52:53 IST" name="runScenario" description="Runs Cucumber Scenarios" data-provider="scenarios" finished-at="2024-08-13T17:53:00 IST" duration-ms="7011" status="PASS">
          <params>
            <param index="0">
              <value>
                <![CDATA["Successfully Log in With valid credentials with Data driven"]]>
              </value>
            </param>
            <param index="1">
              <value>
                <![CDATA["Login"]]>
              </value>
            </param>
          </params>
          <reporter-output>
          </reporter-output>
        </test-method> <!-- runScenario -->
        <test-method signature="runScenario(io.cucumber.testng.PickleWrapper,io.cucumber.testng.FeatureWrapper)[pri:0, instance:TestRunner.Run@fd07cbb]" started-at="2024-08-13T17:53:00 IST" name="runScenario" description="Runs Cucumber Scenarios" data-provider="scenarios" finished-at="2024-08-13T17:53:07 IST" duration-ms="7054" status="PASS">
          <params>
            <param index="0">
              <value>
                <![CDATA["Successfully Log in With valid credentials with Data driven"]]>
              </value>
            </param>
            <param index="1">
              <value>
                <![CDATA["Login"]]>
              </value>
            </param>
          </params>
          <reporter-output>
          </reporter-output>
        </test-method> <!-- runScenario -->
        <test-method signature="runScenario(io.cucumber.testng.PickleWrapper,io.cucumber.testng.FeatureWrapper)[pri:0, instance:TestRunner.Run@fd07cbb]" started-at="2024-08-13T17:53:07 IST" name="runScenario" description="Runs Cucumber Scenarios" data-provider="scenarios" finished-at="2024-08-13T17:53:16 IST" duration-ms="9041" status="PASS">
          <params>
            <param index="0">
              <value>
                <![CDATA["Purchase the produt for customer"]]>
              </value>
            </param>
            <param index="1">
              <value>
                <![CDATA["Product purchase"]]>
              </value>
            </param>
          </params>
          <reporter-output>
          </reporter-output>
        </test-method> <!-- runScenario -->
        <test-method is-config="true" signature="tearDownClass()[pri:0, instance:TestRunner.Run@fd07cbb]" started-at="2024-08-13T17:53:16 IST" name="tearDownClass" finished-at="2024-08-13T17:53:16 IST" duration-ms="464" status="PASS">
          <reporter-output>
          </reporter-output>
        </test-method> <!-- tearDownClass -->
      </class> <!-- TestRunner.Run -->
    </test> <!-- Test -->
  </suite> <!-- Suite -->
</testng-results>
